Copyright 1986-2022 Xilinx, Inc. All Rights Reserved. Copyright 2022-2023 Advanced Micro Devices, Inc. All Rights Reserved.
---------------------------------------------------------------------------------------------------------------------------------------------
| Tool Version : Vivado v.2023.1 (win64) Build 3865809 Sun May  7 15:05:29 MDT 2023
| Date         : Mon Jan 27 14:24:02 2025
| Host         : INSPIRON running 64-bit major release  (build 9200)
| Command      : upgrade_ip
| Device       : xc7a35tcpg236-1
---------------------------------------------------------------------------------------------------------------------------------------------

Upgrade Log for IP 'design_1_matriz_0_1'

1. Summary
----------

CAUTION (success, with warnings) in the upgrade of design_1_matriz_0_1 (xilinx.com:user:matriz:1.0) from (Rev. 1) to (Rev. 2)

After upgrade, an IP may have parameter and port differences compared to the original customization. Please review the parameters within the IP customization GUI to ensure proper functionality. Also, please review the updated IP instantiation template to ensure proper connectivity, and update your design if required.

2. Connection Warnings
----------------------

Detected external port differences while upgrading 'design_1_matriz_0_1'. These changes may impact your design.


-Upgrade has added port 'col_clk'

-Upgrade has added port 'col_serial_out'

-Upgrade has added port 'reset2_out'

-Upgrade has added port 'reset_out'

-Upgrade has added port 'row_clk'

-Upgrade has added port 'row_serial_out'







Copyright 1986-2022 Xilinx, Inc. All Rights Reserved. Copyright 2022-2023 Advanced Micro Devices, Inc. All Rights Reserved.
---------------------------------------------------------------------------------------------------------------------------------------------
| Tool Version : Vivado v.2023.1 (win64) Build 3865809 Sun May  7 15:05:29 MDT 2023
| Date         : Thu Nov 21 18:09:00 2024
| Host         : ArturoPC running 64-bit major release  (build 9200)
| Command      : upgrade_ip
| Device       : xc7a35tcpg236-1
---------------------------------------------------------------------------------------------------------------------------------------------

Upgrade Log for IP 'design_1_teclado_0_0'

1. Summary
----------

SUCCESS in the update of design_1_teclado_0_0 (xilinx.com:user:teclado:1.0 (Rev. 3)) to current project options.






Copyright 1986-2022 Xilinx, Inc. All Rights Reserved. Copyright 2022-2023 Advanced Micro Devices, Inc. All Rights Reserved.
---------------------------------------------------------------------------------------------------------------------------------------------
| Tool Version : Vivado v.2023.1 (win64) Build 3865809 Sun May  7 15:05:29 MDT 2023
| Date         : Thu Nov 21 18:03:40 2024
| Host         : ArturoPC running 64-bit major release  (build 9200)
| Command      : upgrade_ip
| Device       : xc7a35tcpg236-1
---------------------------------------------------------------------------------------------------------------------------------------------

Upgrade Log for IP 'design_1_teclado_0_0'

1. Summary
----------

SUCCESS in the upgrade of design_1_teclado_0_0 (xilinx.com:user:teclado:1.0) from (Rev. 2) to (Rev. 3)






Copyright 1986-2022 Xilinx, Inc. All Rights Reserved. Copyright 2022-2023 Advanced Micro Devices, Inc. All Rights Reserved.
---------------------------------------------------------------------------------------------------------------------------------------------
| Tool Version : Vivado v.2023.1 (win64) Build 3865809 Sun May  7 15:05:29 MDT 2023
| Date         : Thu Nov 21 17:26:45 2024
| Host         : ArturoPC running 64-bit major release  (build 9200)
| Command      : upgrade_ip
| Device       : xc7a35tcpg236-1
---------------------------------------------------------------------------------------------------------------------------------------------

Upgrade Log for IP 'design_1_teclado_0_0'

1. Summary
----------

CAUTION (success, with warnings) in the upgrade of design_1_teclado_0_0 (xilinx.com:user:teclado:1.0) from (Rev. 1) to (Rev. 2)

After upgrade, an IP may have parameter and port differences compared to the original customization. Please review the parameters within the IP customization GUI to ensure proper functionality. Also, please review the updated IP instantiation template to ensure proper connectivity, and update your design if required.

2. Connection Warnings
----------------------

Detected external port differences while upgrading 'design_1_teclado_0_0'. These changes may impact your design.


-Upgrade has added port 'R'

-Upgrade has added port 'S'







Copyright 1986-2022 Xilinx, Inc. All Rights Reserved. Copyright 2022-2023 Advanced Micro Devices, Inc. All Rights Reserved.
---------------------------------------------------------------------------------------------------------------------------------------------
| Tool Version : Vivado v.2023.1 (win64) Build 3865809 Sun May  7 15:05:29 MDT 2023
| Date         : Thu Nov 21 16:56:20 2024
| Host         : ArturoPC running 64-bit major release  (build 9200)
| Command      : upgrade_ip
| Device       : xc7a35tcpg236-1
---------------------------------------------------------------------------------------------------------------------------------------------

Upgrade Log for IP 'design_1_rgb_0_0'

1. Summary
----------

CAUTION (success, with warnings) in the upgrade of design_1_rgb_0_0 (xilinx.com:user:rgb:1.0) from (Rev. 1) to (Rev. 2)

After upgrade, an IP may have parameter and port differences compared to the original customization. Please review the parameters within the IP customization GUI to ensure proper functionality. Also, please review the updated IP instantiation template to ensure proper connectivity, and update your design if required.

2. Connection Warnings
----------------------

Detected external port differences while upgrading 'design_1_rgb_0_0'. These changes may impact your design.


-Upgrade has added port 'blue'

-Upgrade has added port 'green'

-Upgrade has added port 'red'


