17:22:55 DEBUG : Logs will be stored at 'C:/Users/usuario_local/Downloads/Practica5/vitis/IDE.log'.
17:22:58 INFO  : Launching XSCT server: xsct.bat -n  -interactive C:\Users\usuario_local\Downloads\Practica5\vitis\temp_xsdb_launch_script.tcl
17:22:58 INFO  : Registering command handlers for Vitis TCF services
17:22:59 INFO  : Platform repository initialization has completed.
17:22:59 INFO  : XSCT server has started successfully.
17:22:59 INFO  : Successfully done setting XSCT server connection channel  
17:22:59 INFO  : Successfully done query RDI_DATADIR 
17:22:59 INFO  : Successfully done setting workspace for the tool. 
17:22:59 INFO  : plnx-install-location is set to ''
17:23:40 INFO  : Result from executing command 'getProjects': design_5_wrapper
17:23:40 INFO  : Result from executing command 'getPlatforms': xilinx_vck190_base_202310_1|C:/software/electronica/xilinx/Vitis/2023.1/base_platforms/xilinx_vck190_base_202310_1/xilinx_vck190_base_202310_1.xpfm;xilinx_vck190_base_dfx_202310_1|C:/software/electronica/xilinx/Vitis/2023.1/base_platforms/xilinx_vck190_base_dfx_202310_1/xilinx_vck190_base_dfx_202310_1.xpfm;xilinx_vek280_es1_base_202310_1|C:/software/electronica/xilinx/Vitis/2023.1/base_platforms/xilinx_vek280_es1_base_202310_1/xilinx_vek280_es1_base_202310_1.xpfm;xilinx_vmk180_base_202310_1|C:/software/electronica/xilinx/Vitis/2023.1/base_platforms/xilinx_vmk180_base_202310_1/xilinx_vmk180_base_202310_1.xpfm;xilinx_zcu102_base_202310_1|C:/software/electronica/xilinx/Vitis/2023.1/base_platforms/xilinx_zcu102_base_202310_1/xilinx_zcu102_base_202310_1.xpfm;xilinx_zcu102_base_dfx_202310_1|C:/software/electronica/xilinx/Vitis/2023.1/base_platforms/xilinx_zcu102_base_dfx_202310_1/xilinx_zcu102_base_dfx_202310_1.xpfm;xilinx_zcu104_base_202310_1|C:/software/electronica/xilinx/Vitis/2023.1/base_platforms/xilinx_zcu104_base_202310_1/xilinx_zcu104_base_202310_1.xpfm
17:23:41 WARN  : An unexpected exception occurred in the module 'platform project logging'
17:23:42 INFO  : Platform 'design_5_wrapper' is added to custom repositories.
17:23:44 INFO  : Platform 'design_5_wrapper' is added to custom repositories.
17:24:45 INFO  : Result from executing command 'getProjects': design_5_wrapper
17:24:45 INFO  : Result from executing command 'getPlatforms': design_5_wrapper|C:/Users/usuario_local/Downloads/Practica5/vitis/design_5_wrapper/export/design_5_wrapper/design_5_wrapper.xpfm;xilinx_vck190_base_202310_1|C:/software/electronica/xilinx/Vitis/2023.1/base_platforms/xilinx_vck190_base_202310_1/xilinx_vck190_base_202310_1.xpfm;xilinx_vck190_base_dfx_202310_1|C:/software/electronica/xilinx/Vitis/2023.1/base_platforms/xilinx_vck190_base_dfx_202310_1/xilinx_vck190_base_dfx_202310_1.xpfm;xilinx_vek280_es1_base_202310_1|C:/software/electronica/xilinx/Vitis/2023.1/base_platforms/xilinx_vek280_es1_base_202310_1/xilinx_vek280_es1_base_202310_1.xpfm;xilinx_vmk180_base_202310_1|C:/software/electronica/xilinx/Vitis/2023.1/base_platforms/xilinx_vmk180_base_202310_1/xilinx_vmk180_base_202310_1.xpfm;xilinx_zcu102_base_202310_1|C:/software/electronica/xilinx/Vitis/2023.1/base_platforms/xilinx_zcu102_base_202310_1/xilinx_zcu102_base_202310_1.xpfm;xilinx_zcu102_base_dfx_202310_1|C:/software/electronica/xilinx/Vitis/2023.1/base_platforms/xilinx_zcu102_base_dfx_202310_1/xilinx_zcu102_base_dfx_202310_1.xpfm;xilinx_zcu104_base_202310_1|C:/software/electronica/xilinx/Vitis/2023.1/base_platforms/xilinx_zcu104_base_202310_1/xilinx_zcu104_base_202310_1.xpfm
17:24:45 INFO  : Checking for BSP changes to sync application flags for project 'vitis_proyect_5'...
17:31:25 INFO  : Checking for BSP changes to sync application flags for project 'vitis_proyect_5'...
17:32:08 INFO  : Bit file 'C:/Users/usuario_local/Downloads/Practica5/vitis/vitis_proyect_5/_ide/bitstream/download.bit' is generated.
17:32:11 INFO  : Connected to target on host '127.0.0.1' and port '3121'.
17:32:11 INFO  : 'targets -set -filter {jtag_cable_name =~ "Digilent Basys3 210183BB7CAFA" && level==0 && jtag_device_ctx=="jsn-Basys3-210183BB7CAFA-0362d093-0"}' command is executed.
17:32:13 INFO  : Device configured successfully with "C:/Users/usuario_local/Downloads/Practica5/vitis/vitis_proyect_5/_ide/bitstream/download.bit"
17:42:41 INFO  : Checking for BSP changes to sync application flags for project 'vitis_proyect_5'...
17:42:46 INFO  : Checking for BSP changes to sync application flags for project 'vitis_proyect_5'...
17:43:04 INFO  : Bit file 'C:/Users/usuario_local/Downloads/Practica5/vitis/vitis_proyect_5/_ide/bitstream/download.bit' is generated.
17:43:04 INFO  : Connected to target on host '127.0.0.1' and port '3121'.
17:43:05 INFO  : 'targets -set -filter {jtag_cable_name =~ "Digilent Basys3 210183BB7CAFA" && level==0 && jtag_device_ctx=="jsn-Basys3-210183BB7CAFA-0362d093-0"}' command is executed.
17:43:06 INFO  : Device configured successfully with "C:/Users/usuario_local/Downloads/Practica5/vitis/vitis_proyect_5/_ide/bitstream/download.bit"
17:43:55 INFO  : Checking for BSP changes to sync application flags for project 'vitis_proyect_5'...
17:44:13 INFO  : Bit file 'C:/Users/usuario_local/Downloads/Practica5/vitis/vitis_proyect_5/_ide/bitstream/download.bit' is generated.
17:44:13 INFO  : Connected to target on host '127.0.0.1' and port '3121'.
17:44:13 INFO  : 'targets -set -filter {jtag_cable_name =~ "Digilent Basys3 210183BB7CAFA" && level==0 && jtag_device_ctx=="jsn-Basys3-210183BB7CAFA-0362d093-0"}' command is executed.
17:44:15 INFO  : Device configured successfully with "C:/Users/usuario_local/Downloads/Practica5/vitis/vitis_proyect_5/_ide/bitstream/download.bit"
17:45:36 INFO  : Checking for BSP changes to sync application flags for project 'vitis_proyect_5'...
17:47:44 INFO  : Bit file 'C:/Users/usuario_local/Downloads/Practica5/vitis/vitis_proyect_5/_ide/bitstream/download.bit' is generated.
17:47:44 INFO  : Connected to target on host '127.0.0.1' and port '3121'.
17:47:45 INFO  : 'targets -set -filter {jtag_cable_name =~ "Digilent Basys3 210183BB7CAFA" && level==0 && jtag_device_ctx=="jsn-Basys3-210183BB7CAFA-0362d093-0"}' command is executed.
17:47:46 INFO  : Device configured successfully with "C:/Users/usuario_local/Downloads/Practica5/vitis/vitis_proyect_5/_ide/bitstream/download.bit"
17:49:20 INFO  : Checking for BSP changes to sync application flags for project 'vitis_proyect_5'...
17:49:46 INFO  : Bit file 'C:/Users/usuario_local/Downloads/Practica5/vitis/vitis_proyect_5/_ide/bitstream/download.bit' is generated.
17:49:46 INFO  : Connected to target on host '127.0.0.1' and port '3121'.
17:49:46 INFO  : 'targets -set -filter {jtag_cable_name =~ "Digilent Basys3 210183BB7CAFA" && level==0 && jtag_device_ctx=="jsn-Basys3-210183BB7CAFA-0362d093-0"}' command is executed.
17:49:47 INFO  : Device configured successfully with "C:/Users/usuario_local/Downloads/Practica5/vitis/vitis_proyect_5/_ide/bitstream/download.bit"
17:50:38 INFO  : Bit file 'C:/Users/usuario_local/Downloads/Practica5/vitis/vitis_proyect_5/_ide/bitstream/download.bit' is generated.
17:50:38 INFO  : Connected to target on host '127.0.0.1' and port '3121'.
17:50:38 INFO  : 'targets -set -filter {jtag_cable_name =~ "Digilent Basys3 210183BB7CAFA" && level==0 && jtag_device_ctx=="jsn-Basys3-210183BB7CAFA-0362d093-0"}' command is executed.
17:50:39 INFO  : Device configured successfully with "C:/Users/usuario_local/Downloads/Practica5/vitis/vitis_proyect_5/_ide/bitstream/download.bit"
